<?xml version="1.0" encoding="UTF-8"?>
<testsuite name="se.ifmo.lab3web.dto.HitDTOTest" tests="4" skipped="0" failures="0" errors="0" timestamp="2026-04-01T10:58:03.620Z" hostname="DESKTOP-B2F7SIB" time="0.08">
  <properties/>
  <testcase name="NoArgsConstructor + setters работают" classname="se.ifmo.lab3web.dto.HitDTOTest" time="0.045"/>
  <testcase name="Builder создаёт объект с правильными полями" classname="se.ifmo.lab3web.dto.HitDTOTest" time="0.001"/>
  <testcase name="equals и hashCode работают для одинаковых объектов" classname="se.ifmo.lab3web.dto.HitDTOTest" time="0.001"/>
  <testcase name="toString содержит значения полей" classname="se.ifmo.lab3web.dto.HitDTOTest" time="0.004"/>
  <system-out><![CDATA[]]></system-out>
  <system-err><![CDATA[]]></system-err>
</testsuite>
